<?xml version="1.0" encoding="UTF-8"?>
<testng-results ignored="0" total="4" passed="4" failed="0" skipped="0">
  <reporter-output>
  </reporter-output>
  <suite started-at="2022-01-24T19:32:14 EST" name="Default suite" finished-at="2022-01-24T19:32:35 EST" duration-ms="21446">
    <groups>
      <group name="cucumber">
        <method signature="AbstractTestNGCucumberTests.runScenario(io.cucumber.testng.PickleWrapper,io.cucumber.testng.FeatureWrapper)[pri:0, instance:testRunner.FormFillerRunner@609e8838]" name="runScenario" class="io.cucumber.testng.AbstractTestNGCucumberTests"/>
      </group> <!-- cucumber -->
    </groups>
    <test started-at="2022-01-24T19:32:14 EST" name="Default test" finished-at="2022-01-24T19:32:35 EST" duration-ms="21446">
      <class name="testRunner.FormFillerRunner">
        <test-method is-config="true" signature="setUpClass(org.testng.ITestContext)[pri:0, instance:testRunner.FormFillerRunner@609e8838]" started-at="2022-01-24T19:32:14 EST" name="setUpClass" finished-at="2022-01-24T19:32:15 EST" duration-ms="601" status="PASS">
          <params>
            <param index="0">
              <value>
                <![CDATA[org.testng.TestRunner@22c8ee48]]>
              </value>
            </param>
          </params>
          <reporter-output>
          </reporter-output>
        </test-method> <!-- setUpClass -->
        <test-method signature="runScenario(io.cucumber.testng.PickleWrapper,io.cucumber.testng.FeatureWrapper)[pri:0, instance:testRunner.FormFillerRunner@609e8838]" started-at="2022-01-24T19:32:15 EST" name="runScenario" description="Runs Cucumber Scenarios" data-provider="scenarios" finished-at="2022-01-24T19:32:26 EST" duration-ms="11297" status="PASS">
          <params>
            <param index="0">
              <value>
                <![CDATA["Validate User is able to fill form"]]>
              </value>
            </param>
            <param index="1">
              <value>
                <![CDATA["Optional[Validate Web Form]"]]>
              </value>
            </param>
          </params>
          <reporter-output>
          </reporter-output>
        </test-method> <!-- runScenario -->
        <test-method signature="runScenario(io.cucumber.testng.PickleWrapper,io.cucumber.testng.FeatureWrapper)[pri:0, instance:testRunner.FormFillerRunner@609e8838]" started-at="2022-01-24T19:32:26 EST" name="runScenario" description="Runs Cucumber Scenarios" data-provider="scenarios" finished-at="2022-01-24T19:32:29 EST" duration-ms="3487" status="PASS">
          <params>
            <param index="0">
              <value>
                <![CDATA["Validate User is able to fill form"]]>
              </value>
            </param>
            <param index="1">
              <value>
                <![CDATA["Optional[Validate Web Form]"]]>
              </value>
            </param>
          </params>
          <reporter-output>
          </reporter-output>
        </test-method> <!-- runScenario -->
        <test-method signature="runScenario(io.cucumber.testng.PickleWrapper,io.cucumber.testng.FeatureWrapper)[pri:0, instance:testRunner.FormFillerRunner@609e8838]" started-at="2022-01-24T19:32:29 EST" name="runScenario" description="Runs Cucumber Scenarios" data-provider="scenarios" finished-at="2022-01-24T19:32:32 EST" duration-ms="2980" status="PASS">
          <params>
            <param index="0">
              <value>
                <![CDATA["Validate User is able to fill form"]]>
              </value>
            </param>
            <param index="1">
              <value>
                <![CDATA["Optional[Validate Web Form]"]]>
              </value>
            </param>
          </params>
          <reporter-output>
          </reporter-output>
        </test-method> <!-- runScenario -->
        <test-method signature="runScenario(io.cucumber.testng.PickleWrapper,io.cucumber.testng.FeatureWrapper)[pri:0, instance:testRunner.FormFillerRunner@609e8838]" started-at="2022-01-24T19:32:32 EST" name="runScenario" description="Runs Cucumber Scenarios" data-provider="scenarios" finished-at="2022-01-24T19:32:35 EST" duration-ms="2961" status="PASS">
          <params>
            <param index="0">
              <value>
                <![CDATA["Validate User is able to fill form"]]>
              </value>
            </param>
            <param index="1">
              <value>
                <![CDATA["Optional[Validate Web Form]"]]>
              </value>
            </param>
          </params>
          <reporter-output>
          </reporter-output>
        </test-method> <!-- runScenario -->
        <test-method is-config="true" signature="tearDownClass()[pri:0, instance:testRunner.FormFillerRunner@609e8838]" started-at="2022-01-24T19:32:35 EST" name="tearDownClass" finished-at="2022-01-24T19:32:35 EST" duration-ms="24" status="PASS">
          <reporter-output>
          </reporter-output>
        </test-method> <!-- tearDownClass -->
      </class> <!-- testRunner.FormFillerRunner -->
    </test> <!-- Default test -->
  </suite> <!-- Default suite -->
</testng-results>
